<?xml version="1.0" encoding="UTF-8"?>
<!-- Generated by org.testng.reporters.JUnitReportReporter -->
<testsuite hostname="Abhi" failures="0" tests="7" name="sample.Sample" time="0.020" errors="0" timestamp="2024-08-31T12:46:58 IST" skipped="0">
  <testcase classname="sample.Sample" name="createUser" time="0.002"/>
  <system-out/>
  <testcase classname="sample.Sample" name="createUser" time="0.001"/>
  <system-out/>
  <testcase classname="sample.Sample" name="createUser" time="0.002"/>
  <system-out/>
  <testcase classname="sample.Sample" name="createUser" time="0.010"/>
  <system-out/>
  <testcase classname="sample.Sample" name="createUser" time="0.001"/>
  <system-out/>
  <testcase classname="sample.Sample" name="modifyUser" time="0.002"/>
  <system-out/>
  <testcase classname="sample.Sample" name="deleteUser" time="0.002"/>
  <system-out/>
</testsuite> <!-- sample.Sample -->
